BioNetGen version 2.3.1
Reading from file C:\Users\spenc\RuleBender-workspace\MM\MM.bngl (level 0)
Read 9 parameters.
Read 2 molecule types.
Read 2 species.
Read 4 observable(s).
Read 3 reaction rule(s).
ACTION: generate_network( MM )
Iteration   0:     2 species      0 rxns  0.00e+000 CPU s
Iteration   1:     3 species      3 rxns  0.00e+000 CPU s
Iteration   2:     4 species      5 rxns  0.00e+000 CPU s
Iteration   3:     4 species      5 rxns  0.00e+000 CPU s
Cumulative CPU time for each rule
Rule   1:     2 reactions 0.00e+000 CPU s 0.00e+000 CPU s/rxn
Rule   2:     1 reactions 0.00e+000 CPU s 0.00e+000 CPU s/rxn
Rule   3:     2 reactions 0.00e+000 CPU s 0.00e+000 CPU s/rxn
Total   :     5 reactions 0.00e+000 CPU s 0.00e+000 CPU s/rxn
Wrote network in net format to C:\Users\spenc\RuleBender-workspace\MM\results\MM\2017-11-01_21-36-40\MM.net.
CPU TIME: generate_network 0.00 s.


ABORT: Cannot open file opts.txt

  at line 40
